[debug] [2023-09-05T08:07:25.757Z] ----------------------------------------------------------------------
[debug] [2023-09-05T08:07:25.759Z] Command:       /usr/local/bin/node /usr/local/bin/firebase deploy
[debug] [2023-09-05T08:07:25.759Z] CLI Version:   12.5.0
[debug] [2023-09-05T08:07:25.760Z] Platform:      darwin
[debug] [2023-09-05T08:07:25.760Z] Node Version:  v18.17.1
[debug] [2023-09-05T08:07:25.761Z] Time:          Tue Sep 05 2023 11:07:25 GMT+0300 (Eastern European Summer Time)
[debug] [2023-09-05T08:07:25.761Z] ----------------------------------------------------------------------
[debug] 
[debug] [2023-09-05T08:07:25.829Z] > command requires scopes: ["email","openid","https://www.googleapis.com/auth/cloudplatformprojects.readonly","https://www.googleapis.com/auth/firebase","https://www.googleapis.com/auth/cloud-platform"]
[debug] [2023-09-05T08:07:25.830Z] > authorizing via signed-in user (ilyea.rozhok@gmail.com)
[debug] [2023-09-05T08:07:25.830Z] [iam] checking project maramarus-design for permissions ["firebase.projects.get","firebasehosting.sites.update"]
[debug] [2023-09-05T08:07:25.832Z] >>> [apiv2][query] POST https://cloudresourcemanager.googleapis.com/v1/projects/maramarus-design:testIamPermissions [none]
[debug] [2023-09-05T08:07:25.832Z] >>> [apiv2][(partial)header] POST https://cloudresourcemanager.googleapis.com/v1/projects/maramarus-design:testIamPermissions x-goog-quota-user=projects/maramarus-design
[debug] [2023-09-05T08:07:25.832Z] >>> [apiv2][body] POST https://cloudresourcemanager.googleapis.com/v1/projects/maramarus-design:testIamPermissions {"permissions":["firebase.projects.get","firebasehosting.sites.update"]}
[debug] [2023-09-05T08:07:26.766Z] <<< [apiv2][status] POST https://cloudresourcemanager.googleapis.com/v1/projects/maramarus-design:testIamPermissions 200
[debug] [2023-09-05T08:07:26.766Z] <<< [apiv2][body] POST https://cloudresourcemanager.googleapis.com/v1/projects/maramarus-design:testIamPermissions {"permissions":["firebase.projects.get","firebasehosting.sites.update"]}
[debug] [2023-09-05T08:07:26.767Z] >>> [apiv2][query] GET https://firebase.googleapis.com/v1beta1/projects/maramarus-design [none]
[debug] [2023-09-05T08:07:27.154Z] <<< [apiv2][status] GET https://firebase.googleapis.com/v1beta1/projects/maramarus-design 200
[debug] [2023-09-05T08:07:27.154Z] <<< [apiv2][body] GET https://firebase.googleapis.com/v1beta1/projects/maramarus-design {"projectId":"maramarus-design","projectNumber":"75615324674","displayName":"maramarus-design","name":"projects/maramarus-design","resources":{"hostingSite":"maramarus-design"},"state":"ACTIVE","etag":"1_54036e10-961d-4ae5-9073-020a18bae68f"}
[info] 
[info] === Deploying to 'maramarus-design'...
[info] 
[info] i  deploying hosting 
[debug] [2023-09-05T08:07:27.159Z] >>> [apiv2][query] POST https://firebasehosting.googleapis.com/v1beta1/projects/-/sites/maramarus-design/versions [none]
[debug] [2023-09-05T08:07:27.159Z] >>> [apiv2][body] POST https://firebasehosting.googleapis.com/v1beta1/projects/-/sites/maramarus-design/versions {"status":"CREATED","labels":{"deployment-tool":"cli-firebase"}}
[debug] [2023-09-05T08:07:28.518Z] <<< [apiv2][status] POST https://firebasehosting.googleapis.com/v1beta1/projects/-/sites/maramarus-design/versions 200
[debug] [2023-09-05T08:07:28.519Z] <<< [apiv2][body] POST https://firebasehosting.googleapis.com/v1beta1/projects/-/sites/maramarus-design/versions {"name":"projects/75615324674/sites/maramarus-design/versions/600bef3056a9bc5d","status":"CREATED","config":{},"labels":{"deployment-tool":"cli-firebase"}}
[info] i  hosting[maramarus-design]: beginning deploy... 
[info] i  hosting[maramarus-design]: found 50 files in build 
[debug] [2023-09-05T08:07:28.549Z] [hosting] uploading with 200 concurrency
[debug] [2023-09-05T08:07:29.273Z] [hosting] hash cache [YnVpbGQ] stored for 50 files
[debug] [2023-09-05T08:07:29.273Z] [hosting][hash queue][FINAL] {"max":713,"min":86,"avg":241.26,"active":0,"complete":50,"success":50,"errored":0,"retried":0,"total":50,"elapsed":720}
[debug] [2023-09-05T08:07:29.273Z] >>> [apiv2][query] POST https://firebasehosting.googleapis.com/v1beta1/projects/75615324674/sites/maramarus-design/versions/600bef3056a9bc5d:populateFiles [none]
[debug] [2023-09-05T08:07:29.273Z] >>> [apiv2][body] POST https://firebasehosting.googleapis.com/v1beta1/projects/75615324674/sites/maramarus-design/versions/600bef3056a9bc5d:populateFiles {"files":{"/favicon.png":"e13b4305c26dc976eb3eb6f59a02ada0e6899b70a7653e632defc6593f30503d","/manifest.json":"a364b3b2ca234a5a564b37c00b918315b85c7a8f1d8254ff2c72a3f7eafbf4a3","/index.html":"d7da52147ccbee1fefd82e9d0bf8e8b38828443ec115d396e63092a08524bfa8","/404.html":"05cbc6f94d7a69ce2e29646eab13be2c884e61ba93e3094df5028866876d18b3","/robots.txt":"391d14b3c2f8c9143a27a28c7399585142228d4d1bdbe2c87ac946de411fa9a2","/static/js/main.ed8dd251.js.LICENSE.txt":"d67e8631fdff1664554c3198722ba04a4dc3141d63771ba1e52d8835cd7fb3ad","/asset-manifest.json":"3f9b4370ee1f0a2fc3d2a5f63d15da50d126dfa1413c4bf322adfb1f7f720244","/static/css/main.3192a37c.css":"5f3b8d596769e58e3b42841477224cb07b3de56694c352ca3a2a8981f852381c","/static/css/main.3192a37c.css.map":"604874d58a3d7a45aac324703c21c16d776ce0bb99a9abaf42b4f58fff5ccbc8","/static/media/cross.359021e54952399ba141cb48fb1ca831.svg":"917274e661254c2abc9d4c4ce0fe3110b501803259e42e048f72a7127e91701d","/static/media/plus.18d9a053723b1aa6bec6170a5625fd40.svg":"20f84c8c77697ba3afe0429831f5a542db1b7dd7fa8c1b9061cb2cccb87fda45","/static/media/getInTouch.96e6d84eaf1ce06c3e2ff7b48709bdbc.svg":"6a1fdab3c511416f7a8d9c74602ea0296f69e521e93a6d331277d9610334e3b8","/static/media/serviceBg.2a881c11b554411c9de9.png":"656b74c2d1bb5eb4e88defaa70301cada94078e625c61300c49860712321fee6","/static/media/Poppins-ExtraLight.333cb30c20e31999802a.ttf":"ccea34684b8b652c1471f6c6e5ce0170a3875c3433df790188d2d72121123d0d","/static/media/Poppins-Light.7641a0f76ca9ef6c252c.ttf":"0489dfd0e53f494827c309ab4cfc4b9de4ac441bb2816f19f2889850924e4963","/static/media/Poppins-Regular.35d26b781dc5fda684cc.ttf":"f615176f3a3b7edf54daa48faef435de8b016238911dc6824d31e93442799dd5","/static/js/main.ed8dd251.js":"39b4bf3feaf8f7659cd1252bdce6140be446bffdbf58a3e3eb1762fd29bf3c82","/static/media/terra-4.872d1fba9a31ea25d5c6.png":"18ddadd2662ed1aff44fa38dbd62bf6883242b4bd6b0124b27aa95b0350d61d0","/static/media/vilki-5.04c465901164b119a41d.png":"df3f8e94a5b161727884ccbeab32f4d5108e114067ed3460471a20f23b56b30c","/static/media/terra-2.7e65050fc9f213b1bf7c.png":"62032ac8737f2e93fbfa7d597a8908773b9fdf0ceb33dae9d36d80067974942c","/static/media/vilki-9.4609d7e000e4774c41c2.png":"989c3cfe69e30bc1baa7c47b1be654d1115e8ad4a621bd56a2992471aaa1e801","/static/media/terra-8.1ead265d042904c379f8.png":"26b39193d9eb4f639355abe54759baaba14014bef939da815c2d6c2f63d86fdf","/static/media/softGrey-3.6b012a11da243294324d.png":"53b72a48c991e5d15b20e5ed269dd3f00a94ff277cc6c6b04e86040b7fa7e147","/static/media/softGrey-2.4a9116fd0616ba93ebf0.png":"3c1bc97eaf8a2255c5d6facb83fefe16b21414ae616c74008f77136bba84df9f","/static/media/terra-5.157faa92604529faee3c.png":"f221d44c88ba01daa4a5f6f8cc6696dee741e2aa78327c449241e0e4276c1c7b","/static/media/terra-7.aeff35516db06e62a8da.png":"6ab76f24632c2ba1a6dc1d493473937a334a701b44e5c7340860fd76750bdc24","/static/media/terra-3.92783bc7d3eff9dc5f8e.png":"703369b38aa0093f90a05d308d052ca830062a5d99fb5fa6ae41478184642567","/static/media/vilki-1.e77c0dfa8e0dbfbd8376.png":"0a2feb7840174a9d65ae13ff3aff4b20b4ce198c04cd4ac98c9ba22e860c50c9","/static/media/terra-9.1f75d554d6119b9d4dea.png":"01e8091e5ec27ced5a104a05c07fc901f770cecc88c0d176f821605d99d484b1","/static/media/vilki-8.962c200bc81d8349ba55.png":"ef81aae8259dd24226238c1cbdc039268dfcc0e0699b0946d1bf5057b82c0ad5","/static/media/vilki-2.d8cf1a20aedec780a867.png":"99f45325b8b86d6ccad18ba28e224183b7af9b29334f9cf92062817cd8eb8f93","/static/media/vilki-6.851af289af5dc668ea61.png":"2a2a7ccf4826b336bfed332953630eba442b49da4f26220a74e28fe318044821","/static/media/vilki-7.bf9d22a29ca31337993f.png":"4bdff6a2b7ea828cc163f673a1e8a4be1d7cf82f5d8e0426cefc415a51e529e4","/static/media/vilki-4.65e0fcd749ac8d1b5be8.png":"3f2240d5700e2a2dc280adfba3764d6b905bfab47be17ce5c5abf6b4dcd8625a","/static/media/terra-6.6d1cfa034ef99c82291a.png":"be3cfdb22829e592b15b683c4e85c75e6d497f62531391ed388db452d43a08ab","/static/media/softGrey-4.c7605919e7aecc2b3bb2.png":"bbeba53c1d1c770f31f69424b2af0f46ad4b715cb4b40ec75dceea3772e4f937","/static/media/softGrey-1.79455a310639186950ad.png":"4c603314975f1caac8106ba4afad69f22bb9c437ea915760ca9b377afd53d96c","/static/media/sofrtGreyFirstscreen.82b0b84af295a302d7c6.png":"a455e6581ca43dff4277298280827ee28dc27be1a5d12acbb48459b248ec35ca","/static/media/apartmentTwentyOne-1.47b731dc2ad377856b57.png":"396e5a43c901b0b01a7ede1f5cd425bc38bc29f8aa1560c0158322ee728452c1","/static/media/terra-1.af60c16b1a1de6ed65f3.png":"64ec4054b18d27dd6eb4f66d78dbbb0343fe945a51188ea7a28fbaed22587397","/static/media/apartmentTwentyOneFirst.acecc41c45ccce6adf8d.png":"2f475b6c331f3fca3422f9ec178e37646c772e28bef63224d3db3d94e339c510","/static/media/formPhoto.6c305256951f39d006fd.png":"e470c8411e127868c106187cbb9a60e8571fb92bc3abc6ac077c7f45b1bfd484","/static/media/apartmentTwentyOne-3.fefde18a854dd5fef184.png":"3031636f383491652242bb924c940acdfed566aeb8399b28efb1c793bbf74598","/static/media/terra-firstscreen.9de7568bd6475b5be9f8.png":"dfb9c52f2a5efcf7cfaa945c05b028e0b6a2959e38886c5b654c1779ceeda7f9","/static/media/apartmentTwentyOne-2.81cfb2215b8382623588.png":"4112d42239b46cbf318fb223ebd76d7fb3fb960825fc157d888929b7ed6b0feb","/static/js/main.ed8dd251.js.map":"b8f584597c8b4f6cf352e27dcf84abe2a4a13bf65b081823134a3608fb75c23f","/static/media/vilki-firstscreen.a6bf11f5c7925cbefcf9.png":"9c7e1660272afad0efeebc032f9ff6b5ddc47fd0601d6ca2af2401ffb857fd73","/static/media/about.af6fb3e3c1d5dc61a877.png":"6388d8b09790d256431faa8876525c53e4df44a74911242e224a417e9977de3f","/static/media/vilki-3.12735212776219c0dadc.jpg":"9af1ca45b5082d246f05af0eb508ed9b4f9f029b6dab2271eaf19450a3a02d37","/static/media/homePage.f65c700a13da5e58ee70.svg":"9a515f2bb5c64c0c7f56bbf2af1c767a574896a8d9626a1594417a96346e2a6a"}}
[debug] [2023-09-05T08:07:30.414Z] <<< [apiv2][status] POST https://firebasehosting.googleapis.com/v1beta1/projects/75615324674/sites/maramarus-design/versions/600bef3056a9bc5d:populateFiles 200
[debug] [2023-09-05T08:07:30.414Z] <<< [apiv2][body] POST https://firebasehosting.googleapis.com/v1beta1/projects/75615324674/sites/maramarus-design/versions/600bef3056a9bc5d:populateFiles {"uploadRequiredHashes":["39b4bf3feaf8f7659cd1252bdce6140be446bffdbf58a3e3eb1762fd29bf3c82","b8f584597c8b4f6cf352e27dcf84abe2a4a13bf65b081823134a3608fb75c23f","604874d58a3d7a45aac324703c21c16d776ce0bb99a9abaf42b4f58fff5ccbc8","d7da52147ccbee1fefd82e9d0bf8e8b38828443ec115d396e63092a08524bfa8","3f9b4370ee1f0a2fc3d2a5f63d15da50d126dfa1413c4bf322adfb1f7f720244","5f3b8d596769e58e3b42841477224cb07b3de56694c352ca3a2a8981f852381c"],"uploadUrl":"https://upload-firebasehosting.googleapis.com/upload/sites/maramarus-design/versions/600bef3056a9bc5d/files"}
[debug] [2023-09-05T08:07:30.416Z] >>> [apiv2][query] POST https://upload-firebasehosting.googleapis.com/upload/sites/maramarus-design/versions/600bef3056a9bc5d/files/39b4bf3feaf8f7659cd1252bdce6140be446bffdbf58a3e3eb1762fd29bf3c82 [none]
[debug] [2023-09-05T08:07:30.416Z] >>> [apiv2][body] POST https://upload-firebasehosting.googleapis.com/upload/sites/maramarus-design/versions/600bef3056a9bc5d/files/39b4bf3feaf8f7659cd1252bdce6140be446bffdbf58a3e3eb1762fd29bf3c82 [stream]
[debug] [2023-09-05T08:07:30.419Z] >>> [apiv2][query] POST https://upload-firebasehosting.googleapis.com/upload/sites/maramarus-design/versions/600bef3056a9bc5d/files/b8f584597c8b4f6cf352e27dcf84abe2a4a13bf65b081823134a3608fb75c23f [none]
[debug] [2023-09-05T08:07:30.420Z] >>> [apiv2][body] POST https://upload-firebasehosting.googleapis.com/upload/sites/maramarus-design/versions/600bef3056a9bc5d/files/b8f584597c8b4f6cf352e27dcf84abe2a4a13bf65b081823134a3608fb75c23f [stream]
[debug] [2023-09-05T08:07:30.421Z] >>> [apiv2][query] POST https://upload-firebasehosting.googleapis.com/upload/sites/maramarus-design/versions/600bef3056a9bc5d/files/604874d58a3d7a45aac324703c21c16d776ce0bb99a9abaf42b4f58fff5ccbc8 [none]
[debug] [2023-09-05T08:07:30.421Z] >>> [apiv2][body] POST https://upload-firebasehosting.googleapis.com/upload/sites/maramarus-design/versions/600bef3056a9bc5d/files/604874d58a3d7a45aac324703c21c16d776ce0bb99a9abaf42b4f58fff5ccbc8 [stream]
[debug] [2023-09-05T08:07:30.424Z] >>> [apiv2][query] POST https://upload-firebasehosting.googleapis.com/upload/sites/maramarus-design/versions/600bef3056a9bc5d/files/d7da52147ccbee1fefd82e9d0bf8e8b38828443ec115d396e63092a08524bfa8 [none]
[debug] [2023-09-05T08:07:30.425Z] >>> [apiv2][body] POST https://upload-firebasehosting.googleapis.com/upload/sites/maramarus-design/versions/600bef3056a9bc5d/files/d7da52147ccbee1fefd82e9d0bf8e8b38828443ec115d396e63092a08524bfa8 [stream]
[debug] [2023-09-05T08:07:30.428Z] >>> [apiv2][query] POST https://upload-firebasehosting.googleapis.com/upload/sites/maramarus-design/versions/600bef3056a9bc5d/files/3f9b4370ee1f0a2fc3d2a5f63d15da50d126dfa1413c4bf322adfb1f7f720244 [none]
[debug] [2023-09-05T08:07:30.428Z] >>> [apiv2][body] POST https://upload-firebasehosting.googleapis.com/upload/sites/maramarus-design/versions/600bef3056a9bc5d/files/3f9b4370ee1f0a2fc3d2a5f63d15da50d126dfa1413c4bf322adfb1f7f720244 [stream]
[debug] [2023-09-05T08:07:30.431Z] >>> [apiv2][query] POST https://upload-firebasehosting.googleapis.com/upload/sites/maramarus-design/versions/600bef3056a9bc5d/files/5f3b8d596769e58e3b42841477224cb07b3de56694c352ca3a2a8981f852381c [none]
[debug] [2023-09-05T08:07:30.432Z] >>> [apiv2][body] POST https://upload-firebasehosting.googleapis.com/upload/sites/maramarus-design/versions/600bef3056a9bc5d/files/5f3b8d596769e58e3b42841477224cb07b3de56694c352ca3a2a8981f852381c [stream]
[debug] [2023-09-05T08:07:30.434Z] [hosting][populate queue][FINAL] {"max":1144,"min":1144,"avg":1144,"active":0,"complete":1,"success":1,"errored":0,"retried":0,"total":1,"elapsed":1162}
[debug] [2023-09-05T08:07:30.434Z] [hosting] uploads queued: 6
[debug] [2023-09-05T08:07:31.430Z] <<< [apiv2][status] POST https://upload-firebasehosting.googleapis.com/upload/sites/maramarus-design/versions/600bef3056a9bc5d/files/604874d58a3d7a45aac324703c21c16d776ce0bb99a9abaf42b4f58fff5ccbc8 200
[debug] [2023-09-05T08:07:31.430Z] <<< [apiv2][body] POST https://upload-firebasehosting.googleapis.com/upload/sites/maramarus-design/versions/600bef3056a9bc5d/files/604874d58a3d7a45aac324703c21c16d776ce0bb99a9abaf42b4f58fff5ccbc8 [stream]
[debug] [2023-09-05T08:07:31.479Z] <<< [apiv2][status] POST https://upload-firebasehosting.googleapis.com/upload/sites/maramarus-design/versions/600bef3056a9bc5d/files/d7da52147ccbee1fefd82e9d0bf8e8b38828443ec115d396e63092a08524bfa8 200
[debug] [2023-09-05T08:07:31.480Z] <<< [apiv2][body] POST https://upload-firebasehosting.googleapis.com/upload/sites/maramarus-design/versions/600bef3056a9bc5d/files/d7da52147ccbee1fefd82e9d0bf8e8b38828443ec115d396e63092a08524bfa8 [stream]
[debug] [2023-09-05T08:07:31.539Z] <<< [apiv2][status] POST https://upload-firebasehosting.googleapis.com/upload/sites/maramarus-design/versions/600bef3056a9bc5d/files/5f3b8d596769e58e3b42841477224cb07b3de56694c352ca3a2a8981f852381c 200
[debug] [2023-09-05T08:07:31.539Z] <<< [apiv2][body] POST https://upload-firebasehosting.googleapis.com/upload/sites/maramarus-design/versions/600bef3056a9bc5d/files/5f3b8d596769e58e3b42841477224cb07b3de56694c352ca3a2a8981f852381c [stream]
[debug] [2023-09-05T08:07:31.660Z] <<< [apiv2][status] POST https://upload-firebasehosting.googleapis.com/upload/sites/maramarus-design/versions/600bef3056a9bc5d/files/39b4bf3feaf8f7659cd1252bdce6140be446bffdbf58a3e3eb1762fd29bf3c82 200
[debug] [2023-09-05T08:07:31.660Z] <<< [apiv2][body] POST https://upload-firebasehosting.googleapis.com/upload/sites/maramarus-design/versions/600bef3056a9bc5d/files/39b4bf3feaf8f7659cd1252bdce6140be446bffdbf58a3e3eb1762fd29bf3c82 [stream]
[debug] [2023-09-05T08:07:31.663Z] <<< [apiv2][status] POST https://upload-firebasehosting.googleapis.com/upload/sites/maramarus-design/versions/600bef3056a9bc5d/files/3f9b4370ee1f0a2fc3d2a5f63d15da50d126dfa1413c4bf322adfb1f7f720244 200
[debug] [2023-09-05T08:07:31.663Z] <<< [apiv2][body] POST https://upload-firebasehosting.googleapis.com/upload/sites/maramarus-design/versions/600bef3056a9bc5d/files/3f9b4370ee1f0a2fc3d2a5f63d15da50d126dfa1413c4bf322adfb1f7f720244 [stream]
[debug] [2023-09-05T08:07:31.776Z] <<< [apiv2][status] POST https://upload-firebasehosting.googleapis.com/upload/sites/maramarus-design/versions/600bef3056a9bc5d/files/b8f584597c8b4f6cf352e27dcf84abe2a4a13bf65b081823134a3608fb75c23f 200
[debug] [2023-09-05T08:07:31.776Z] <<< [apiv2][body] POST https://upload-firebasehosting.googleapis.com/upload/sites/maramarus-design/versions/600bef3056a9bc5d/files/b8f584597c8b4f6cf352e27dcf84abe2a4a13bf65b081823134a3608fb75c23f [stream]
[debug] [2023-09-05T08:07:31.777Z] [hosting][upload queue][FINAL] {"max":1362,"min":1016,"avg":1177,"active":0,"complete":6,"success":6,"errored":0,"retried":0,"total":6,"elapsed":1363}
[info] ✔  hosting[maramarus-design]: file upload complete 
[debug] [2023-09-05T08:07:31.778Z] [hosting] deploy completed after 3256ms
[debug] [2023-09-05T08:07:31.778Z] [
  {
    "config": {
      "public": "build",
      "ignore": [
        "firebase.json",
        "**/.*",
        "**/node_modules/**"
      ],
      "rewrites": [
        {
          "source": "**",
          "destination": "/index.html"
        }
      ],
      "site": "maramarus-design"
    },
    "version": "projects/75615324674/sites/maramarus-design/versions/600bef3056a9bc5d"
  }
]
[info] i  hosting[maramarus-design]: finalizing version... 
[debug] [2023-09-05T08:07:31.782Z] >>> [apiv2][query] PATCH https://firebasehosting.googleapis.com/v1beta1/projects/-/sites/maramarus-design/versions/600bef3056a9bc5d updateMask=status%2Cconfig
[debug] [2023-09-05T08:07:31.782Z] >>> [apiv2][body] PATCH https://firebasehosting.googleapis.com/v1beta1/projects/-/sites/maramarus-design/versions/600bef3056a9bc5d {"status":"FINALIZED","config":{"rewrites":[{"glob":"**","path":"/index.html"}]}}
[debug] [2023-09-05T08:07:32.744Z] <<< [apiv2][status] PATCH https://firebasehosting.googleapis.com/v1beta1/projects/-/sites/maramarus-design/versions/600bef3056a9bc5d 200
[debug] [2023-09-05T08:07:32.744Z] <<< [apiv2][body] PATCH https://firebasehosting.googleapis.com/v1beta1/projects/-/sites/maramarus-design/versions/600bef3056a9bc5d {"name":"projects/75615324674/sites/maramarus-design/versions/600bef3056a9bc5d","status":"FINALIZED","config":{"rewrites":[{"glob":"**","path":"/index.html"}]},"labels":{"deployment-tool":"cli-firebase"},"createTime":"2023-09-05T08:07:28.188312Z","createUser":{"email":"ilyea.rozhok@gmail.com"},"finalizeTime":"2023-09-05T08:07:32.817554Z","finalizeUser":{"email":"ilyea.rozhok@gmail.com"}}
[debug] [2023-09-05T08:07:32.744Z] [hosting] finalized version for maramarus-design:[object Object]
[info] ✔  hosting[maramarus-design]: version finalized 
[info] i  hosting[maramarus-design]: releasing new version... 
[debug] [2023-09-05T08:07:32.745Z] >>> [apiv2][query] POST https://firebasehosting.googleapis.com/v1beta1/projects/-/sites/maramarus-design/channels/live/releases versionName=projects%2F75615324674%2Fsites%2Fmaramarus-design%2Fversions%2F600bef3056a9bc5d
[debug] [2023-09-05T08:07:32.745Z] >>> [apiv2][body] POST https://firebasehosting.googleapis.com/v1beta1/projects/-/sites/maramarus-design/channels/live/releases {}
